0 info it worked if it ends with ok
1 verbose cli [ '/Users/student/.nvm/versions/node/v6.11.3/bin/node',
1 verbose cli   '/Users/student/.nvm/versions/node/v6.11.3/bin/npm',
1 verbose cli   'run',
1 verbose cli   'compiled' ]
2 info using npm@3.10.10
3 info using node@v6.11.3
4 verbose run-script [ 'precompiled', 'compiled', 'postcompiled' ]
5 info lifecycle recast.ly@1.1.0~precompiled: recast.ly@1.1.0
6 silly lifecycle recast.ly@1.1.0~precompiled: no script for precompiled, continuing
7 info lifecycle recast.ly@1.1.0~compiled: recast.ly@1.1.0
8 verbose lifecycle recast.ly@1.1.0~compiled: unsafe-perm in lifecycle true
9 verbose lifecycle recast.ly@1.1.0~compiled: PATH: /Users/student/.nvm/versions/node/v6.11.3/lib/node_modules/npm/bin/node-gyp-bin:/Users/student/code/hrsf104-recastly-redux/node_modules/.bin:/Users/student/.nvm/versions/node/v6.11.3/lib/node_modules/npm/bin/node-gyp-bin:/Users/student/code/hrsf104-recastly-redux/node_modules/.bin:/Users/student/.nvm/versions/node/v6.11.3/bin:/usr/local/opt/sqlite/bin:/usr/local/bin:/usr/bin:/bin:/usr/sbin:/sbin
10 verbose lifecycle recast.ly@1.1.0~compiled: CWD: /Users/student/code/hrsf104-recastly-redux
11 silly lifecycle recast.ly@1.1.0~compiled: Args: [ '-c',
11 silly lifecycle   'babel . --out-dir com  piled --presets=react --ignore=node_modules,compiled --source-maps inline -w' ]
12 silly lifecycle recast.ly@1.1.0~compiled: Returned: code: 2  signal: null
13 info lifecycle recast.ly@1.1.0~compiled: Failed to exec compiled script
14 verbose stack Error: recast.ly@1.1.0 compiled: `babel . --out-dir com  piled --presets=react --ignore=node_modules,compiled --source-maps inline -w`
14 verbose stack Exit status 2
14 verbose stack     at EventEmitter.<anonymous> (/Users/student/.nvm/versions/node/v6.11.3/lib/node_modules/npm/lib/utils/lifecycle.js:255:16)
14 verbose stack     at emitTwo (events.js:106:13)
14 verbose stack     at EventEmitter.emit (events.js:191:7)
14 verbose stack     at ChildProcess.<anonymous> (/Users/student/.nvm/versions/node/v6.11.3/lib/node_modules/npm/lib/utils/spawn.js:40:14)
14 verbose stack     at emitTwo (events.js:106:13)
14 verbose stack     at ChildProcess.emit (events.js:191:7)
14 verbose stack     at maybeClose (internal/child_process.js:920:16)
14 verbose stack     at Process.ChildProcess._handle.onexit (internal/child_process.js:230:5)
15 verbose pkgid recast.ly@1.1.0
16 verbose cwd /Users/student/code/hrsf104-recastly-redux
17 error Darwin 16.7.0
18 error argv "/Users/student/.nvm/versions/node/v6.11.3/bin/node" "/Users/student/.nvm/versions/node/v6.11.3/bin/npm" "run" "compiled"
19 error node v6.11.3
20 error npm  v3.10.10
21 error code ELIFECYCLE
22 error recast.ly@1.1.0 compiled: `babel . --out-dir com  piled --presets=react --ignore=node_modules,compiled --source-maps inline -w`
22 error Exit status 2
23 error Failed at the recast.ly@1.1.0 compiled script 'babel . --out-dir com  piled --presets=react --ignore=node_modules,compiled --source-maps inline -w'.
23 error Make sure you have the latest version of node.js and npm installed.
23 error If you do, this is most likely a problem with the recast.ly package,
23 error not with npm itself.
23 error Tell the author that this fails on your system:
23 error     babel . --out-dir com  piled --presets=react --ignore=node_modules,compiled --source-maps inline -w
23 error You can get information on how to open an issue for this project with:
23 error     npm bugs recast.ly
23 error Or if that isn't available, you can get their info via:
23 error     npm owner ls recast.ly
23 error There is likely additional logging output above.
24 verbose exit [ 1, true ]
